Build started 2018/11/5 22:36:14.
     1>Project "D:\coding\new C程序\test\test\test.vcxproj" on node 2 (build target(s)).
     1>InitializeBuildStatus:
         Creating "Debug\test.unsuccessfulbuild" because "AlwaysCreate" was specified.
       ClCompile:
         D:\MinGW\VC\bin\CL.exe /c /ZI /nologo /W3 /WX- /Od /Oy- /D WIN32 /D _DEBUG /D _UNICODE /D UNICODE /Gm /EHsc /RTC1 /MDd /GS /fp:precise /Zc:wchar_t /Zc:forScope /Fo"Debug\\" /Fd"Debug\vc100.pdb" /Gd /TC /analyze- /errorReport:prompt test.c
         test.c
     1>d:\coding\new c程序\test\test\test.c(4): error C2065: 'c' : undeclared identifier
     1>Done Building Project "D:\coding\new C程序\test\test\test.vcxproj" (build target(s)) -- FAILED.

Build FAILED.

Time Elapsed 00:00:00.69
