Build started 2018/11/6 13:40:06.
     1>Project "D:\coding\new C程序\test1\test1\test1.vcxproj" on node 2 (build target(s)).
     1>InitializeBuildStatus:
         Touching "Debug\test1.unsuccessfulbuild".
       ClCompile:
         D:\MinGW\VC\bin\CL.exe /c /ZI /nologo /W3 /WX- /Od /Oy- /D WIN32 /D _DEBUG /D _CONSOLE /D _UNICODE /D UNICODE /Gm /EHsc /RTC1 /MDd /GS /fp:precise /Zc:wchar_t /Zc:forScope /Fo"Debug\\" /Fd"Debug\vc100.pdb" /Gd /TC /analyze- /errorReport:prompt test1.c
         test1.c
     1>d:\coding\new c程序\test1\test1\test1.c(21): error C2086: 'char m[20]' : redefinition
                 d:\coding\new c程序\test1\test1\test1.c(21) : see declaration of 'm'
     1>d:\coding\new c程序\test1\test1\test1.c(35): warning C4133: 'function' : incompatible types - from 'char [12]' to 'FILE *'
     1>d:\coding\new c程序\test1\test1\test1.c(35): warning C4047: 'function' : 'const char *' differs in levels of indirection from 'int'
     1>d:\coding\new c程序\test1\test1\test1.c(35): warning C4024: 'fscanf' : different types for formal and actual parameter 2
     1>d:\coding\new c程序\test1\test1\test1.c(35): error C2059: syntax error : ')'
     1>d:\coding\new c程序\test1\test1\test1.c(45): error C2275: 'elepointer' : illegal use of this type as an expression
                 d:\coding\new c程序\test1\test1\test1.c(15) : see declaration of 'elepointer'
     1>d:\coding\new c程序\test1\test1\test1.c(45): error C2146: syntax error : missing ';' before identifier 'p'
     1>d:\coding\new c程序\test1\test1\test1.c(45): error C2065: 's' : undeclared identifier
     1>d:\coding\new c程序\test1\test1\test1.c(46): error C2143: syntax error : missing ';' before 'type'
     1>d:\coding\new c程序\test1\test1\test1.c(48): error C2065: 'inum' : undeclared identifier
     1>d:\coding\new c程序\test1\test1\test1.c(50): error C2065: 'i' : undeclared identifier
     1>d:\coding\new c程序\test1\test1\test1.c(50): error C2065: 'i' : undeclared identifier
     1>d:\coding\new c程序\test1\test1\test1.c(50): error C2065: 'inum' : undeclared identifier
     1>d:\coding\new c程序\test1\test1\test1.c(50): error C2065: 'i' : undeclared identifier
     1>d:\coding\new c程序\test1\test1\test1.c(52): error C2065: 's' : undeclared identifier
     1>d:\coding\new c程序\test1\test1\test1.c(52): warning C4047: '=' : 'int' differs in levels of indirection from 'Electric *'
     1>d:\coding\new c程序\test1\test1\test1.c(53): error C2065: 'i' : undeclared identifier
     1>d:\coding\new c程序\test1\test1\test1.c(54): error C2065: 's' : undeclared identifier
     1>d:\coding\new c程序\test1\test1\test1.c(54): error C2223: left of '->name' must point to struct/union
     1>d:\coding\new c程序\test1\test1\test1.c(59): error C2065: 'i' : undeclared identifier
     1>d:\coding\new c程序\test1\test1\test1.c(60): error C2065: 's' : undeclared identifier
     1>d:\coding\new c程序\test1\test1\test1.c(60): error C2223: left of '->brand' must point to struct/union
     1>d:\coding\new c程序\test1\test1\test1.c(65): error C2065: 'i' : undeclared identifier
     1>d:\coding\new c程序\test1\test1\test1.c(66): error C2065: 's' : undeclared identifier
     1>d:\coding\new c程序\test1\test1\test1.c(66): error C2223: left of '->price' must point to struct/union
     1>d:\coding\new c程序\test1\test1\test1.c(67): error C2065: 'i' : undeclared identifier
     1>d:\coding\new c程序\test1\test1\test1.c(68): error C2065: 's' : undeclared identifier
     1>d:\coding\new c程序\test1\test1\test1.c(68): error C2223: left of '->num' must point to struct/union
     1>d:\coding\new c程序\test1\test1\test1.c(69): error C2065: 's' : undeclared identifier
     1>d:\coding\new c程序\test1\test1\test1.c(69): warning C4047: '=' : 'Electric *' differs in levels of indirection from 'int'
     1>d:\coding\new c程序\test1\test1\test1.c(70): error C2065: 's' : undeclared identifier
     1>d:\coding\new c程序\test1\test1\test1.c(70): error C2223: left of '->next' must point to struct/union
     1>d:\coding\new c程序\test1\test1\test1.c(73): error C2143: syntax error : missing ';' before 'type'
     1>d:\coding\new c程序\test1\test1\test1.c(76): error C2275: 'elepointer' : illegal use of this type as an expression
                 d:\coding\new c程序\test1\test1\test1.c(15) : see declaration of 'elepointer'
     1>d:\coding\new c程序\test1\test1\test1.c(76): error C2146: syntax error : missing ';' before identifier 'p'
     1>d:\coding\new c程序\test1\test1\test1.c(78): error C2065: 'f' : undeclared identifier
     1>d:\coding\new c程序\test1\test1\test1.c(78): warning C4047: '=' : 'int' differs in levels of indirection from 'FILE *'
     1>d:\coding\new c程序\test1\test1\test1.c(78): warning C4047: '==' : 'int' differs in levels of indirection from 'void *'
     1>d:\coding\new c程序\test1\test1\test1.c(85): error C2065: 'f' : undeclared identifier
     1>d:\coding\new c程序\test1\test1\test1.c(85): warning C4047: 'function' : 'FILE *' differs in levels of indirection from 'int'
     1>d:\coding\new c程序\test1\test1\test1.c(85): warning C4024: 'fwrite' : different types for formal and actual parameter 4
     1>d:\coding\new c程序\test1\test1\test1.c(90): error C2065: 'f' : undeclared identifier
     1>d:\coding\new c程序\test1\test1\test1.c(90): warning C4047: 'function' : 'FILE *' differs in levels of indirection from 'int'
     1>d:\coding\new c程序\test1\test1\test1.c(90): warning C4024: 'fclose' : different types for formal and actual parameter 1
     1>d:\coding\new c程序\test1\test1\test1.c(98): error C2275: 'elepointer' : illegal use of this type as an expression
                 d:\coding\new c程序\test1\test1\test1.c(15) : see declaration of 'elepointer'
     1>d:\coding\new c程序\test1\test1\test1.c(98): error C2146: syntax error : missing ';' before identifier 'p'
     1>d:\coding\new c程序\test1\test1\test1.c(98): error C2065: 'p' : undeclared identifier
     1>d:\coding\new c程序\test1\test1\test1.c(98): error C2065: 's' : undeclared identifier
     1>d:\coding\new c程序\test1\test1\test1.c(98): error C2065: 'q' : undeclared identifier
     1>d:\coding\new c程序\test1\test1\test1.c(99): error C2065: 'p' : undeclared identifier
     1>d:\coding\new c程序\test1\test1\test1.c(99): warning C4047: '=' : 'int' differs in levels of indirection from 'elepointer'
     1>d:\coding\new c程序\test1\test1\test1.c(100): error C2065: 'q' : undeclared identifier
     1>d:\coding\new c程序\test1\test1\test1.c(100): warning C4047: '=' : 'int' differs in levels of indirection from 'Electric *'
     1>d:\coding\new c程序\test1\test1\test1.c(101): error C2065: 'q' : undeclared identifier
     1>d:\coding\new c程序\test1\test1\test1.c(101): warning C4047: '!=' : 'int' differs in levels of indirection from 'void *'
     1>d:\coding\new c程序\test1\test1\test1.c(103): error C2065: 'q' : undeclared identifier
     1>d:\coding\new c程序\test1\test1\test1.c(103): error C2065: 'q' : undeclared identifier
     1>d:\coding\new c程序\test1\test1\test1.c(103): error C2223: left of '->next' must point to struct/union
     1>d:\coding\new c程序\test1\test1\test1.c(114): error C2065: 'p' : undeclared identifier
     1>d:\coding\new c程序\test1\test1\test1.c(114): error C2065: 'p' : undeclared identifier
     1>d:\coding\new c程序\test1\test1\test1.c(114): error C2223: left of '->next' must point to struct/union
     1>d:\coding\new c程序\test1\test1\test1.c(116): error C2065: 's' : undeclared identifier
     1>d:\coding\new c程序\test1\test1\test1.c(116): warning C4047: '=' : 'int' differs in levels of indirection from 'elepointer'
     1>d:\coding\new c程序\test1\test1\test1.c(118): error C2065: 's' : undeclared identifier
     1>d:\coding\new c程序\test1\test1\test1.c(118): error C2223: left of '->name' must point to struct/union
     1>d:\coding\new c程序\test1\test1\test1.c(119): error C2065: 's' : undeclared identifier
     1>d:\coding\new c程序\test1\test1\test1.c(119): error C2223: left of '->name' must point to struct/union
     1>d:\coding\new c程序\test1\test1\test1.c(119): error C2198: 'strlen' : too few arguments for call
     1>d:\coding\new c程序\test1\test1\test1.c(121): error C2065: 's' : undeclared identifier
     1>d:\coding\new c程序\test1\test1\test1.c(121): error C2223: left of '->name' must point to struct/union
     1>d:\coding\new c程序\test1\test1\test1.c(124): error C2065: 's' : undeclared identifier
     1>d:\coding\new c程序\test1\test1\test1.c(124): error C2223: left of '->brand' must point to struct/union
     1>d:\coding\new c程序\test1\test1\test1.c(125): error C2065: 's' : undeclared identifier
     1>d:\coding\new c程序\test1\test1\test1.c(125): error C2223: left of '->brand' must point to struct/union
     1>d:\coding\new c程序\test1\test1\test1.c(125): error C2198: 'strlen' : too few arguments for call
     1>d:\coding\new c程序\test1\test1\test1.c(127): error C2065: 's' : undeclared identifier
     1>d:\coding\new c程序\test1\test1\test1.c(127): error C2223: left of '->brand' must point to struct/union
     1>d:\coding\new c程序\test1\test1\test1.c(130): error C2065: 's' : undeclared identifier
     1>d:\coding\new c程序\test1\test1\test1.c(130): error C2223: left of '->price' must point to struct/union
     1>d:\coding\new c程序\test1\test1\test1.c(132): error C2065: 's' : undeclared identifier
     1>d:\coding\new c程序\test1\test1\test1.c(132): error C2223: left of '->num' must point to struct/union
     1>d:\coding\new c程序\test1\test1\test1.c(133): error C2065: 's' : undeclared identifier
     1>d:\coding\new c程序\test1\test1\test1.c(133): error C2223: left of '->next' must point to struct/union
     1>d:\coding\new c程序\test1\test1\test1.c(133): error C2065: 'p' : undeclared identifier
     1>d:\coding\new c程序\test1\test1\test1.c(133): error C2223: left of '->next' must point to struct/union
     1>d:\coding\new c程序\test1\test1\test1.c(134): error C2065: 'p' : undeclared identifier
     1>d:\coding\new c程序\test1\test1\test1.c(134): error C2223: left of '->next' must point to struct/union
     1>d:\coding\new c程序\test1\test1\test1.c(134): error C2065: 's' : undeclared identifier
     1>d:\coding\new c程序\test1\test1\test1.c(143): error C2275: 'elepointer' : illegal use of this type as an expression
                 d:\coding\new c程序\test1\test1\test1.c(15) : see declaration of 'elepointer'
     1>d:\coding\new c程序\test1\test1\test1.c(143): error C2146: syntax error : missing ';' before identifier 'p'
     1>d:\coding\new c程序\test1\test1\test1.c(143): error C2065: 'p' : undeclared identifier
     1>d:\coding\new c程序\test1\test1\test1.c(143): error C2065: 's' : undeclared identifier
     1>d:\coding\new c程序\test1\test1\test1.c(144): error C2065: 'p' : undeclared identifier
     1>d:\coding\new c程序\test1\test1\test1.c(144): warning C4047: '=' : 'int' differs in levels of indirection from 'elepointer'
     1>d:\coding\new c程序\test1\test1\test1.c(145): error C2065: 's' : undeclared identifier
     1>d:\coding\new c程序\test1\test1\test1.c(145): warning C4047: '=' : 'int' differs in levels of indirection from 'Electric *'
     1>d:\coding\new c程序\test1\test1\test1.c(146): error C2065: 'p' : undeclared identifier
     1>d:\coding\new c程序\test1\test1\test1.c(146): warning C4047: '!=' : 'int' differs in levels of indirection from 'void *'
     1>d:\coding\new c程序\test1\test1\test1.c(148): error C2065: 'p' : undeclared identifier
     1>d:\coding\new c程序\test1\test1\test1.c(148): error C2065: 'p' : undeclared identifier
     1>d:\coding\new c程序\test1\test1\test1.c(148): error C2223: left of '->next' must point to struct/union
     1>d:\coding\new c程序\test1\test1\test1.c(159): error C2065: 'p' : undeclared identifier
     1>d:\coding\new c程序\test1\test1\test1.c(159): error C2065: 'p' : undeclared identifier
     1>d:\coding\new c程序\test1\test1\test1.c(159): error C2223: left of '->next' must point to struct/union
     1>d:\coding\new c程序\test1\test1\test1.c(161): error C2065: 's' : undeclared identifier
     1>d:\coding\new c程序\test1\test1\test1.c(161): error C2065: 'p' : undeclared identifier
     1>d:\coding\new c程序\test1\test1\test1.c(161): error C2223: left of '->next' must point to struct/union
     1>d:\coding\new c程序\test1\test1\test1.c(162): error C2065: 'p' : undeclared identifier
     1>d:\coding\new c程序\test1\test1\test1.c(162): error C2223: left of '->next' must point to struct/union
     1>d:\coding\new c程序\test1\test1\test1.c(162): error C2065: 's' : undeclared identifier
     1>d:\coding\new c程序\test1\test1\test1.c(162): error C2223: left of '->next' must point to struct/union
     1>d:\coding\new c程序\test1\test1\test1.c(163): error C2065: 's' : undeclared identifier
     1>d:\coding\new c程序\test1\test1\test1.c(163): warning C4022: 'free' : pointer mismatch for actual parameter 1
     1>d:\coding\new c程序\test1\test1\test1.c(171): error C2275: 'elepointer' : illegal use of this type as an expression
                 d:\coding\new c程序\test1\test1\test1.c(15) : see declaration of 'elepointer'
     1>d:\coding\new c程序\test1\test1\test1.c(171): error C2146: syntax error : missing ';' before identifier 'p'
     1>d:\coding\new c程序\test1\test1\test1.c(171): error C2065: 'p' : undeclared identifier
     1>d:\coding\new c程序\test1\test1\test1.c(171): error C2065: 's' : undeclared identifier
     1>d:\coding\new c程序\test1\test1\test1.c(172): error C2065: 'p' : undeclared identifier
     1>d:\coding\new c程序\test1\test1\test1.c(172): warning C4047: '=' : 'int' differs in levels of indirection from 'elepointer'
     1>d:\coding\new c程序\test1\test1\test1.c(173): error C2065: 's' : undeclared identifier
     1>d:\coding\new c程序\test1\test1\test1.c(173): warning C4047: '=' : 'int' differs in levels of indirection from 'Electric *'
     1>d:\coding\new c程序\test1\test1\test1.c(174): error C2065: 's' : undeclared identifier
     1>d:\coding\new c程序\test1\test1\test1.c(174): fatal error C1003: error count exceeds 100; stopping compilation
     1>Done Building Project "D:\coding\new C程序\test1\test1\test1.vcxproj" (build target(s)) -- FAILED.

Build FAILED.

Time Elapsed 00:00:00.91
